<?xml version="1.0" encoding="UTF-8"?>
<!-- Generated by org.testng.reporters.JUnitXMLReporter -->
<testsuite ignored="0" hostname="LAPTOP-M3HSMS1J" failures="0" tests="1" name="Test-Runner-1" time="98.057" errors="0" timestamp="2023-03-08T12:33:37 IST">
  <testcase classname="vtiger.ContactsTests.CreateContactWithOrganization" name="CreateContactWithOrganizationTestScript" time="39.636"/>
</testsuite> <!-- Test-Runner-1 -->
