<?xml version="1.0" encoding="UTF-8"?>
<!-- Generated by org.testng.reporters.JUnitReportReporter -->
<testsuite hostname="LAPTOP-M3HSMS1J" failures="0" tests="1" name="vtiger.Products.Tests.CreateProductTest" time="26.862" errors="0" timestamp="2023-04-01T22:12:04 IST" skipped="0">
  <testcase classname="vtiger.Products.Tests.CreateProductTest" name="CreateProductTestScript" time="26.862"/>
  <system-out>
    <![CDATA[navigate to Home page
 product button cliked
create product button cliked
Create product with product code
ProductInformationPage displayed]]>
  </system-out>
</testsuite> <!-- vtiger.Products.Tests.CreateProductTest -->
