<?xml version="1.0" encoding="UTF-8"?>
<!-- Generated by org.testng.reporters.JUnitReportReporter -->
<testsuite hostname="LAPTOP-M3HSMS1J" failures="0" tests="1" name="vtiger.CampaignsTests.CreateCampaignWithProductsTest" time="27.213" errors="0" timestamp="2023-03-29T23:00:21 IST" skipped="0">
  <testcase classname="vtiger.CampaignsTests.CreateCampaignWithProductsTest" name="CreateCampaignWithProductsTestScript" time="27.213"/>
  <system-out/>
</testsuite> <!-- vtiger.CampaignsTests.CreateCampaignWithProductsTest -->
