<?xml version="1.0" encoding="UTF-8"?>
<!-- Generated by org.testng.reporters.JUnitReportReporter -->
<testsuite hostname="LAPTOP-M3HSMS1J" failures="0" tests="1" name="vtiger.ContactsTests.CreateContactsTest" time="44.056" errors="0" timestamp="2023-04-01T21:32:00 IST" skipped="0">
  <testcase classname="vtiger.ContactsTests.CreateContactsTest" name="CreateContactsTestScript" time="44.056"/>
  <system-out>
    <![CDATA[Navigate to Home Page Sucessfully
Navigate to Contacts Page Sucessfully
Click on create Contact Lookup icon image Sucessfully
create Contact  Sucessfully]]>
  </system-out>
</testsuite> <!-- vtiger.ContactsTests.CreateContactsTest -->
