<?xml version="1.0" encoding="UTF-8"?>
<!-- Generated by org.testng.reporters.JUnitReportReporter -->
<testsuite hostname="LAPTOP-M3HSMS1J" failures="0" tests="1" name="vtiger.OrganizationTests.CreateMultipleOrgWithIndustryTypeTest" time="15.933" errors="0" timestamp="2023-03-21T09:33:49 IST" skipped="0">
  <testcase classname="vtiger.OrganizationTests.CreateMultipleOrgWithIndustryTypeTest" name="createMultipleOrgWithIndustryTypeTestScript" time="15.933"/>
  <system-out/>
</testsuite> <!-- vtiger.OrganizationTests.CreateMultipleOrgWithIndustryTypeTest -->
