<?xml version="1.0" encoding="UTF-8"?>
<!-- Generated by org.testng.reporters.JUnitReportReporter -->
<testsuite hostname="LAPTOP-M3HSMS1J" failures="0" tests="2" name="Practice.TestNGPractice" time="0.015" errors="0" timestamp="2023-03-02T12:21:39 IST" skipped="0">
  <testcase classname="Practice.TestNGPractice" name="sample1" time="0.012"/>
  <system-out/>
  <testcase classname="Practice.TestNGPractice" name="sample2" time="0.003"/>
  <system-out/>
</testsuite> <!-- Practice.TestNGPractice -->
