<?xml version="1.0" encoding="UTF-8"?>
<!-- Generated by org.testng.reporters.JUnitReportReporter -->
<testsuite hostname="LAPTOP-M3HSMS1J" failures="0" tests="1" name="vtiger.PomClassesTests.TC_001_CreateContact" time="15.505" errors="0" timestamp="2023-03-02T11:09:23 IST" skipped="0">
  <testcase classname="vtiger.PomClassesTests.TC_001_CreateContact" name="TC_001_CreateContactTest" time="15.505"/>
  <system-out/>
</testsuite> <!-- vtiger.PomClassesTests.TC_001_CreateContact -->
