<?xml version="1.0" encoding="UTF-8"?>
<!-- Generated by org.testng.reporters.JUnitReportReporter -->
<testsuite hostname="LAPTOP-M3HSMS1J" failures="0" tests="1" name="Practice.WebDriverTest" time="22.019" errors="0" timestamp="2023-03-29T19:08:36 IST" skipped="0">
  <testcase classname="Practice.WebDriverTest" name="WebDriverTestScript" time="22.019"/>
  <system-out/>
</testsuite> <!-- Practice.WebDriverTest -->
