<?xml version="1.0" encoding="UTF-8"?>
<!-- Generated by org.testng.reporters.JUnitReportReporter -->
<testsuite hostname="LAPTOP-M3HSMS1J" failures="0" tests="6" name="Practice.DataProviderPractice" time="0.019" errors="0" timestamp="2023-03-09T12:56:15 IST" skipped="0">
  <testcase classname="Practice.DataProviderPractice" name="addProduct" time="0.002"/>
  <system-out/>
  <testcase classname="Practice.DataProviderPractice" name="addProduct" time="0.006"/>
  <system-out/>
  <testcase classname="Practice.DataProviderPractice" name="addProduct" time="0.002"/>
  <system-out/>
  <testcase classname="Practice.DataProviderPractice" name="addProduct" time="0.003"/>
  <system-out/>
  <testcase classname="Practice.DataProviderPractice" name="addProduct" time="0.001"/>
  <system-out/>
  <testcase classname="Practice.DataProviderPractice" name="addProduct" time="0.005"/>
  <system-out/>
</testsuite> <!-- Practice.DataProviderPractice -->
