<?xml version="1.0" encoding="UTF-8"?>
<!-- Generated by org.testng.reporters.JUnitReportReporter -->
<testsuite hostname="LAPTOP-M3HSMS1J" failures="0" tests="2" name="vtiger.ContactsTests.CreateContacts" time="72.504" errors="0" timestamp="2023-03-16T09:15:32 IST" skipped="0">
  <testcase classname="vtiger.ContactsTests.CreateContacts" name="CreateContactsTestScript" time="18.859"/>
  <system-out>
    <![CDATA[Navigate to Home Page Sucessfully
Navigate to Contacts Page Sucessfully
Click on create Contact Lookup icon image Sucessfully
create Contact  Sucessfully]]>
  </system-out>
  <testcase classname="vtiger.ContactsTests.CreateContacts" name="CreateContactsTestScript" time="53.645"/>
  <system-out>
    <![CDATA[Navigate to Home Page Sucessfully
Navigate to Contacts Page Sucessfully
Click on create Contact Lookup icon image Sucessfully
create Contact  Sucessfully]]>
  </system-out>
</testsuite> <!-- vtiger.ContactsTests.CreateContacts -->
