<?xml version="1.0" encoding="UTF-8"?>
<!-- Generated by org.testng.reporters.JUnitReportReporter -->
<testsuite hostname="LAPTOP-M3HSMS1J" failures="0" tests="1" name="vtiger.ContactsTests.CreateContactWithOrganizationTest" time="24.653" errors="0" timestamp="2023-03-29T23:00:21 IST" skipped="0">
  <testcase classname="vtiger.ContactsTests.CreateContactWithOrganizationTest" name="CreateContactWithOrganizationTestScript" time="24.653"/>
  <system-out>
    <![CDATA[Navigate to organization
Click on organization 
click on create organization look up image
create organization successfully
 Contact Button clicked 
Click on create Contact Lookup icon image 
 Contacts created Successfully
[ CON74 ] N Chaitra - Contact Informationcreate contact -PASS]]>
  </system-out>
</testsuite> <!-- vtiger.ContactsTests.CreateContactWithOrganizationTest -->
