<?xml version="1.0" encoding="UTF-8"?>
<!-- Generated by org.testng.reporters.JUnitReportReporter -->
<testsuite hostname="LAPTOP-M3HSMS1J" failures="0" tests="2" name="vtiger.ContactsTests.CreateContactWithOrganization" time="62.831" errors="0" timestamp="2023-03-16T09:15:32 IST" skipped="0">
  <testcase classname="vtiger.ContactsTests.CreateContactWithOrganization" name="CreateContactWithOrganizationTestScript" time="32.173"/>
  <system-out>
    <![CDATA[Navigate to organization
Click on organization 
click on create organization look up image
create organization successfully
 Contact Button clicked 
Click on create Contact Lookup icon image 
 Contacts created Successfully
[ CON57 ] N Chaitra - Contact Informationcreate contact -PASS]]>
  </system-out>
  <testcase classname="vtiger.ContactsTests.CreateContactWithOrganization" name="CreateContactWithOrganizationTestScript" time="30.658"/>
  <system-out>
    <![CDATA[Navigate to organization
Click on organization 
click on create organization look up image
create organization successfully
 Contact Button clicked 
Click on create Contact Lookup icon image 
 Contacts created Successfully
[ CON59 ] N Chaitra - Contact Informationcreate contact -PASS]]>
  </system-out>
</testsuite> <!-- vtiger.ContactsTests.CreateContactWithOrganization -->
